This file contains any messages produced by compilers while
running configure, to aid debugging if configure makes a mistake.

It was created by miRanda configure 3.3a, which was
generated by GNU Autoconf 2.71.  Invocation command line was

  $ ./configure

## --------- ##
## Platform. ##
## --------- ##

hostname = IdeaPaDragon
uname -m = aarch64
uname -r = 6.6.87.2-microsoft-standard-WSL2
uname -s = Linux
uname -v = #1 SMP PREEMPT_DYNAMIC Thu Jun  5 18:31:42 UTC 2025

/usr/bin/uname -p = aarch64
/bin/uname -X     = unknown

/bin/arch              = aarch64
/usr/bin/arch -k       = unknown
/usr/convex/getsysinfo = unknown
/usr/bin/hostinfo      = unknown
/bin/machine           = unknown
/usr/bin/oslevel       = unknown
/bin/universe          = unknown

PATH: /usr/local/sbin/
PATH: /usr/local/bin/
PATH: /usr/sbin/
PATH: /usr/bin/
PATH: /sbin/
PATH: /bin/
PATH: /usr/games/
PATH: /usr/local/games/
PATH: /usr/lib/wsl/lib/
PATH: /mnt/c/Windows/system32/
PATH: /mnt/c/Windows/
PATH: /mnt/c/Windows/System32/Wbem/
PATH: /mnt/c/Windows/System32/WindowsPowerShell/v1.0/
PATH: /mnt/c/Windows/System32/OpenSSH/
PATH: /mnt/c/Program Files (x86)/MGLTools-1.5.7/
PATH: /mnt/c/Program Files/Jalview/bin/
PATH: /mnt/c/Users/fedev/AppData/Local/Microsoft/WindowsApps/
PATH: /snap/bin/


## ----------- ##
## Core tests. ##
## ----------- ##

configure:2399: looking for aux files: compile config.guess config.sub missing install-sh
configure:2412:  trying ./
configure:2441:   ./compile found
configure:2441:   ./config.guess found
configure:2441:   ./config.sub found
configure:2441:   ./missing found
configure:2423:   ./install-sh found
configure:2576: checking for a BSD-compatible install
configure:2649: result: /usr/bin/install -c
configure:2660: checking whether build environment is sane
configure:2715: result: yes
configure:2750: WARNING: 'missing' script is too old or missing
configure:2874: checking for a race-free mkdir -p
configure:2918: result: /usr/bin/mkdir -p
configure:2925: checking for gawk
configure:2946: found /usr/bin/gawk
configure:2957: result: gawk
configure:2968: checking whether make sets $(MAKE)
configure:2991: result: yes
configure:3021: checking whether make supports nested variables
configure:3039: result: yes
configure:3181: checking build system type
configure:3196: result: aarch64-unknown-linux-gnu
configure:3216: checking host system type
configure:3230: result: aarch64-unknown-linux-gnu
configure:3314: checking for gcc
configure:3335: found /usr/bin/gcc
configure:3346: result: gcc
configure:3699: checking for C compiler version
configure:3708: gcc --version >&5
gcc (Ubuntu 13.3.0-6ubuntu2~24.04) 13.3.0
Copyright (C) 2023 Free Software Foundation, Inc.
This is free software; see the source for copying conditions.  There is NO
warranty; not even for MERCHANTABILITY or FITNESS FOR A PARTICULAR PURPOSE.

configure:3719: $? = 0
configure:3708: gcc -v >&5
Using built-in specs.
COLLECT_GCC=gcc
COLLECT_LTO_WRAPPER=/usr/libexec/gcc/aarch64-linux-gnu/13/lto-wrapper
OFFLOAD_TARGET_NAMES=nvptx-none
OFFLOAD_TARGET_DEFAULT=1
Target: aarch64-linux-gnu
Configured with: ../src/configure -v --with-pkgversion='Ubuntu 13.3.0-6ubuntu2~24.04' --with-bugurl=file:///usr/share/doc/gcc-13/README.Bugs --enable-languages=c,ada,c++,go,d,fortran,objc,obj-c++,m2 --prefix=/usr --with-gcc-major-version-only --program-suffix=-13 --program-prefix=aarch64-linux-gnu- --enable-shared --enable-linker-build-id --libexecdir=/usr/libexec --without-included-gettext --enable-threads=posix --libdir=/usr/lib --enable-nls --enable-bootstrap --enable-clocale=gnu --enable-libstdcxx-debug --enable-libstdcxx-time=yes --with-default-libstdcxx-abi=new --enable-libstdcxx-backtrace --enable-gnu-unique-object --disable-libquadmath --disable-libquadmath-support --enable-plugin --enable-default-pie --with-system-zlib --enable-libphobos-checking=release --with-target-system-zlib=auto --enable-objc-gc=auto --enable-multiarch --enable-fix-cortex-a53-843419 --disable-werror --enable-offload-targets=nvptx-none=/build/gcc-13-Nz4ro4/gcc-13-13.3.0/debian/tmp-nvptx/usr --enable-offload-defaulted --without-cuda-driver --enable-checking=release --build=aarch64-linux-gnu --host=aarch64-linux-gnu --target=aarch64-linux-gnu --with-build-config=bootstrap-lto-lean --enable-link-serialization=2
Thread model: posix
Supported LTO compression algorithms: zlib zstd
gcc version 13.3.0 (Ubuntu 13.3.0-6ubuntu2~24.04) 
... rest of stderr output deleted ...
configure:3719: $? = 0
configure:3708: gcc -V >&5
gcc: error: unrecognized command-line option '-V'
gcc: fatal error: no input files
compilation terminated.
configure:3719: $? = 1
configure:3708: gcc -qversion >&5
gcc: error: unrecognized command-line option '-qversion'; did you mean '--version'?
gcc: fatal error: no input files
compilation terminated.
configure:3719: $? = 1
configure:3708: gcc -version >&5
gcc: error: unrecognized command-line option '-version'
gcc: fatal error: no input files
compilation terminated.
configure:3719: $? = 1
configure:3739: checking whether the C compiler works
configure:3761: gcc    conftest.c  >&5
configure:3765: $? = 0
configure:3815: result: yes
configure:3818: checking for C compiler default output file name
configure:3820: result: a.out
configure:3826: checking for suffix of executables
configure:3833: gcc -o conftest    conftest.c  >&5
configure:3837: $? = 0
configure:3860: result: 
configure:3882: checking whether we are cross compiling
configure:3890: gcc -o conftest    conftest.c  >&5
configure:3894: $? = 0
configure:3901: ./conftest
configure:3905: $? = 0
configure:3920: result: no
configure:3925: checking for suffix of object files
configure:3948: gcc -c   conftest.c >&5
configure:3952: $? = 0
configure:3974: result: o
configure:3978: checking whether the compiler supports GNU C
configure:3998: gcc -c   conftest.c >&5
configure:3998: $? = 0
configure:4008: result: yes
configure:4019: checking whether gcc accepts -g
configure:4040: gcc -c -g  conftest.c >&5
configure:4040: $? = 0
configure:4084: result: yes
configure:4104: checking for gcc option to enable C11 features
configure:4119: gcc  -c -g -O2  conftest.c >&5
configure:4119: $? = 0
configure:4137: result: none needed
configure:4253: checking whether gcc understands -c and -o together
configure:4276: gcc -c conftest.c -o conftest2.o
configure:4279: $? = 0
configure:4276: gcc -c conftest.c -o conftest2.o
configure:4279: $? = 0
configure:4291: result: yes
configure:4311: checking whether make supports the include directive
configure:4326: make -f confmf.GNU && cat confinc.out
this is the am__doit target
configure:4329: $? = 0
configure:4348: result: yes (GNU style)
configure:4374: checking dependency style of gcc
configure:4486: result: gcc3
configure:4559: checking for ranlib
configure:4580: found /usr/bin/ranlib
configure:4591: result: ranlib
configure:4617: checking for main in -lm
configure:4637: gcc -o conftest -g -O2   conftest.c -lm   >&5
configure:4637: $? = 0
configure:4647: result: yes
configure:4663: checking for stdio.h
configure:4663: gcc -c -g -O2  conftest.c >&5
configure:4663: $? = 0
configure:4663: result: yes
configure:4663: checking for stdlib.h
configure:4663: gcc -c -g -O2  conftest.c >&5
configure:4663: $? = 0
configure:4663: result: yes
configure:4663: checking for string.h
configure:4663: gcc -c -g -O2  conftest.c >&5
configure:4663: $? = 0
configure:4663: result: yes
configure:4663: checking for inttypes.h
configure:4663: gcc -c -g -O2  conftest.c >&5
configure:4663: $? = 0
configure:4663: result: yes
configure:4663: checking for stdint.h
configure:4663: gcc -c -g -O2  conftest.c >&5
configure:4663: $? = 0
configure:4663: result: yes
configure:4663: checking for strings.h
configure:4663: gcc -c -g -O2  conftest.c >&5
configure:4663: $? = 0
configure:4663: result: yes
configure:4663: checking for sys/stat.h
configure:4663: gcc -c -g -O2  conftest.c >&5
configure:4663: $? = 0
configure:4663: result: yes
configure:4663: checking for sys/types.h
configure:4663: gcc -c -g -O2  conftest.c >&5
configure:4663: $? = 0
configure:4663: result: yes
configure:4663: checking for unistd.h
configure:4663: gcc -c -g -O2  conftest.c >&5
configure:4663: $? = 0
configure:4663: result: yes
configure:4688: checking for grep that handles long lines and -e
configure:4752: result: /usr/bin/grep
configure:4760: checking for egrep
configure:4828: result: /usr/bin/grep -E
configure:4834: checking for float.h
configure:4834: gcc -c -g -O2  conftest.c >&5
configure:4834: $? = 0
configure:4834: result: yes
configure:4840: checking for limits.h
configure:4840: gcc -c -g -O2  conftest.c >&5
configure:4840: $? = 0
configure:4840: result: yes
configure:4846: checking for stdlib.h
configure:4846: result: yes
configure:4852: checking for string.h
configure:4852: result: yes
configure:4861: checking for an ANSI C-conforming const
configure:4928: gcc -c -g -O2  conftest.c >&5
configure:4928: $? = 0
configure:4936: result: yes
configure:4944: checking for _Bool
configure:4944: gcc -c -g -O2  conftest.c >&5
configure:4944: $? = 0
configure:4944: gcc -c -g -O2  conftest.c >&5
conftest.c: In function 'main':
conftest.c:58:20: error: expected expression before ')' token
   58 | if (sizeof ((_Bool)))
      |                    ^
configure:4944: $? = 1
configure: failed program was:
| /* confdefs.h */
| #define PACKAGE_NAME "miRanda"
| #define PACKAGE_TARNAME "miranda"
| #define PACKAGE_VERSION "3.3a"
| #define PACKAGE_STRING "miRanda 3.3a"
| #define PACKAGE_BUGREPORT "miranda {at} cbio.mskcc.org"
| #define PACKAGE_URL ""
| #define PACKAGE "miranda"
| #define VERSION "3.3a"
| #define UNUSED __attribute__ ((unused))
| #define HAVE_LIBM 1
| #define HAVE_STDIO_H 1
| #define HAVE_STDLIB_H 1
| #define HAVE_STRING_H 1
| #define HAVE_INTTYPES_H 1
| #define HAVE_STDINT_H 1
| #define HAVE_STRINGS_H 1
| #define HAVE_SYS_STAT_H 1
| #define HAVE_SYS_TYPES_H 1
| #define HAVE_UNISTD_H 1
| #define STDC_HEADERS 1
| #define HAVE_FLOAT_H 1
| #define HAVE_LIMITS_H 1
| #define HAVE_STDLIB_H 1
| #define HAVE_STRING_H 1
| /* end confdefs.h.  */
| #include <stddef.h>
| #ifdef HAVE_STDIO_H
| # include <stdio.h>
| #endif
| #ifdef HAVE_STDLIB_H
| # include <stdlib.h>
| #endif
| #ifdef HAVE_STRING_H
| # include <string.h>
| #endif
| #ifdef HAVE_INTTYPES_H
| # include <inttypes.h>
| #endif
| #ifdef HAVE_STDINT_H
| # include <stdint.h>
| #endif
| #ifdef HAVE_STRINGS_H
| # include <strings.h>
| #endif
| #ifdef HAVE_SYS_TYPES_H
| # include <sys/types.h>
| #endif
| #ifdef HAVE_SYS_STAT_H
| # include <sys/stat.h>
| #endif
| #ifdef HAVE_UNISTD_H
| # include <unistd.h>
| #endif
| int
| main (void)
| {
| if (sizeof ((_Bool)))
| 	    return 0;
|   ;
|   return 0;
| }
configure:4944: result: yes
configure:4953: checking for stdbool.h that conforms to C99
configure:5069: gcc -c -g -O2  conftest.c >&5
configure:5069: $? = 0
configure:5077: result: yes
configure:5086: checking for size_t
configure:5086: gcc -c -g -O2  conftest.c >&5
configure:5086: $? = 0
configure:5086: gcc -c -g -O2  conftest.c >&5
conftest.c: In function 'main':
conftest.c:60:21: error: expected expression before ')' token
   60 | if (sizeof ((size_t)))
      |                     ^
configure:5086: $? = 1
configure: failed program was:
| /* confdefs.h */
| #define PACKAGE_NAME "miRanda"
| #define PACKAGE_TARNAME "miranda"
| #define PACKAGE_VERSION "3.3a"
| #define PACKAGE_STRING "miRanda 3.3a"
| #define PACKAGE_BUGREPORT "miranda {at} cbio.mskcc.org"
| #define PACKAGE_URL ""
| #define PACKAGE "miranda"
| #define VERSION "3.3a"
| #define UNUSED __attribute__ ((unused))
| #define HAVE_LIBM 1
| #define HAVE_STDIO_H 1
| #define HAVE_STDLIB_H 1
| #define HAVE_STRING_H 1
| #define HAVE_INTTYPES_H 1
| #define HAVE_STDINT_H 1
| #define HAVE_STRINGS_H 1
| #define HAVE_SYS_STAT_H 1
| #define HAVE_SYS_TYPES_H 1
| #define HAVE_UNISTD_H 1
| #define STDC_HEADERS 1
| #define HAVE_FLOAT_H 1
| #define HAVE_LIMITS_H 1
| #define HAVE_STDLIB_H 1
| #define HAVE_STRING_H 1
| #define HAVE__BOOL 1
| #define HAVE_STDBOOL_H 1
| /* end confdefs.h.  */
| #include <stddef.h>
| #ifdef HAVE_STDIO_H
| # include <stdio.h>
| #endif
| #ifdef HAVE_STDLIB_H
| # include <stdlib.h>
| #endif
| #ifdef HAVE_STRING_H
| # include <string.h>
| #endif
| #ifdef HAVE_INTTYPES_H
| # include <inttypes.h>
| #endif
| #ifdef HAVE_STDINT_H
| # include <stdint.h>
| #endif
| #ifdef HAVE_STRINGS_H
| # include <strings.h>
| #endif
| #ifdef HAVE_SYS_TYPES_H
| # include <sys/types.h>
| #endif
| #ifdef HAVE_SYS_STAT_H
| # include <sys/stat.h>
| #endif
| #ifdef HAVE_UNISTD_H
| # include <unistd.h>
| #endif
| int
| main (void)
| {
| if (sizeof ((size_t)))
| 	    return 0;
|   ;
|   return 0;
| }
configure:5086: result: yes
configure:5098: checking for GNU libc compatible malloc
configure:5130: gcc -o conftest -g -O2   conftest.c -lm  >&5
configure:5130: $? = 0
configure:5130: ./conftest
configure:5130: $? = 0
configure:5141: result: yes
configure:5163: checking for GNU libc compatible realloc
configure:5195: gcc -o conftest -g -O2   conftest.c -lm  >&5
configure:5195: $? = 0
configure:5195: ./conftest
configure:5195: $? = 0
configure:5206: result: yes
configure:5228: checking for working strtod
configure:5271: gcc -o conftest -g -O2   conftest.c -lm  >&5
configure:5271: $? = 0
configure:5271: ./conftest
configure:5271: $? = 0
configure:5282: result: yes
configure:5345: checking for memset
configure:5345: gcc -o conftest -g -O2   conftest.c -lm  >&5
conftest.c:47:6: warning: conflicting types for built-in function 'memset'; expected 'void *(void *, int,  long unsigned int)' [-Wbuiltin-declaration-mismatch]
   47 | char memset ();
      |      ^~~~~~
conftest.c:39:1: note: 'memset' is declared in header '<string.h>'
   38 | #include <limits.h>
   39 | #undef memset
configure:5345: $? = 0
configure:5345: result: yes
configure:5351: checking for sqrt
configure:5351: gcc -o conftest -g -O2   conftest.c -lm  >&5
conftest.c:48:6: warning: conflicting types for built-in function 'sqrt'; expected 'double(double)' [-Wbuiltin-declaration-mismatch]
   48 | char sqrt ();
      |      ^~~~
conftest.c:40:1: note: 'sqrt' is declared in header '<math.h>'
   39 | #include <limits.h>
   40 | #undef sqrt
configure:5351: $? = 0
configure:5351: result: yes
configure:5357: checking for strchr
configure:5357: gcc -o conftest -g -O2   conftest.c -lm  >&5
conftest.c:49:6: warning: conflicting types for built-in function 'strchr'; expected 'char *(const char *, int)' [-Wbuiltin-declaration-mismatch]
   49 | char strchr ();
      |      ^~~~~~
conftest.c:41:1: note: 'strchr' is declared in header '<string.h>'
   40 | #include <limits.h>
   41 | #undef strchr
configure:5357: $? = 0
configure:5357: result: yes
configure:5363: checking for strdup
configure:5363: gcc -o conftest -g -O2   conftest.c -lm  >&5
conftest.c:50:6: warning: conflicting types for built-in function 'strdup'; expected 'char *(const char *)' [-Wbuiltin-declaration-mismatch]
   50 | char strdup ();
      |      ^~~~~~
configure:5363: $? = 0
configure:5363: result: yes
configure:5369: checking for strrchr
configure:5369: gcc -o conftest -g -O2   conftest.c -lm  >&5
conftest.c:51:6: warning: conflicting types for built-in function 'strrchr'; expected 'char *(const char *, int)' [-Wbuiltin-declaration-mismatch]
   51 | char strrchr ();
      |      ^~~~~~~
conftest.c:43:1: note: 'strrchr' is declared in header '<string.h>'
   42 | #include <limits.h>
   43 | #undef strrchr
configure:5369: $? = 0
configure:5369: result: yes
configure:5375: checking for strstr
configure:5375: gcc -o conftest -g -O2   conftest.c -lm  >&5
conftest.c:52:6: warning: conflicting types for built-in function 'strstr'; expected 'char *(const char *, const char *)' [-Wbuiltin-declaration-mismatch]
   52 | char strstr ();
      |      ^~~~~~
conftest.c:44:1: note: 'strstr' is declared in header '<string.h>'
   43 | #include <limits.h>
   44 | #undef strstr
configure:5375: $? = 0
configure:5375: result: yes
configure:5486: checking that generated files are newer than configure
configure:5492: result: done
configure:5515: creating ./config.status

## ---------------------- ##
## Running config.status. ##
## ---------------------- ##

This file was extended by miRanda config.status 3.3a, which was
generated by GNU Autoconf 2.71.  Invocation command line was

  CONFIG_FILES    = 
  CONFIG_HEADERS  = 
  CONFIG_LINKS    = 
  CONFIG_COMMANDS = 
  $ ./config.status 

on IdeaPaDragon

config.status:879: creating Makefile
config.status:879: creating RNAlib/H/Makefile
config.status:879: creating RNAlib/Makefile
config.status:879: creating man/Makefile
config.status:879: creating src/Makefile
config.status:879: creating config.h
config.status:1060: config.h is unchanged
config.status:1108: executing depfiles commands
config.status:1185: cd RNAlib       && sed -e '/# am--include-marker/d' Makefile         | make -f - am--depfiles
make: Nothing to be done for 'am--depfiles'.
config.status:1190: $? = 0
config.status:1185: cd src       && sed -e '/# am--include-marker/d' Makefile         | make -f - am--depfiles
make: Nothing to be done for 'am--depfiles'.
config.status:1190: $? = 0

## ---------------- ##
## Cache variables. ##
## ---------------- ##

ac_cv_build=aarch64-unknown-linux-gnu
ac_cv_c_compiler_gnu=yes
ac_cv_c_const=yes
ac_cv_env_CC_set=
ac_cv_env_CC_value=
ac_cv_env_CFLAGS_set=
ac_cv_env_CFLAGS_value=
ac_cv_env_CPPFLAGS_set=
ac_cv_env_CPPFLAGS_value=
ac_cv_env_LDFLAGS_set=
ac_cv_env_LDFLAGS_value=
ac_cv_env_LIBS_set=
ac_cv_env_LIBS_value=
ac_cv_env_build_alias_set=
ac_cv_env_build_alias_value=
ac_cv_env_host_alias_set=
ac_cv_env_host_alias_value=
ac_cv_env_target_alias_set=
ac_cv_env_target_alias_value=
ac_cv_func_malloc_0_nonnull=yes
ac_cv_func_memset=yes
ac_cv_func_realloc_0_nonnull=yes
ac_cv_func_sqrt=yes
ac_cv_func_strchr=yes
ac_cv_func_strdup=yes
ac_cv_func_strrchr=yes
ac_cv_func_strstr=yes
ac_cv_func_strtod=yes
ac_cv_header_float_h=yes
ac_cv_header_inttypes_h=yes
ac_cv_header_limits_h=yes
ac_cv_header_stdbool_h=yes
ac_cv_header_stdint_h=yes
ac_cv_header_stdio_h=yes
ac_cv_header_stdlib_h=yes
ac_cv_header_string_h=yes
ac_cv_header_strings_h=yes
ac_cv_header_sys_stat_h=yes
ac_cv_header_sys_types_h=yes
ac_cv_header_unistd_h=yes
ac_cv_host=aarch64-unknown-linux-gnu
ac_cv_lib_m_main=yes
ac_cv_objext=o
ac_cv_path_EGREP='/usr/bin/grep -E'
ac_cv_path_GREP=/usr/bin/grep
ac_cv_path_install='/usr/bin/install -c'
ac_cv_path_mkdir=/usr/bin/mkdir
ac_cv_prog_AWK=gawk
ac_cv_prog_ac_ct_CC=gcc
ac_cv_prog_ac_ct_RANLIB=ranlib
ac_cv_prog_cc_c11=
ac_cv_prog_cc_g=yes
ac_cv_prog_cc_stdc=
ac_cv_prog_make_make_set=yes
ac_cv_type__Bool=yes
ac_cv_type_size_t=yes
am_cv_CC_dependencies_compiler_type=gcc3
am_cv_make_support_nested_variables=yes
am_cv_prog_cc_c_o=yes

## ----------------- ##
## Output variables. ##
## ----------------- ##

ACLOCAL='aclocal-1.16'
AMDEPBACKSLASH='\'
AMDEP_FALSE='#'
AMDEP_TRUE=''
AMTAR='$${TAR-tar}'
AM_BACKSLASH='\'
AM_DEFAULT_V='$(AM_DEFAULT_VERBOSITY)'
AM_DEFAULT_VERBOSITY='1'
AM_V='$(V)'
AUTOCONF='autoconf'
AUTOHEADER='autoheader'
AUTOMAKE='automake-1.16'
AWK='gawk'
CC='gcc'
CCDEPMODE='depmode=gcc3'
CFLAGS='-g -O2'
CPPFLAGS=''
CSCOPE='cscope'
CTAGS='ctags'
CYGPATH_W='echo'
DEFS='-DHAVE_CONFIG_H'
DEPDIR='.deps'
ECHO_C=''
ECHO_N='-n'
ECHO_T=''
EGREP='/usr/bin/grep -E'
ETAGS='etags'
EXEEXT=''
GREP='/usr/bin/grep'
INSTALL_DATA='${INSTALL} -m 644'
INSTALL_PROGRAM='${INSTALL}'
INSTALL_SCRIPT='${INSTALL}'
INSTALL_STRIP_PROGRAM='$(install_sh) -c -s'
ISODATE='2025-10-15'
LDFLAGS=''
LIBOBJS=''
LIBS='-lm '
LTLIBOBJS=''
MAKEINFO='makeinfo'
MKDIR_P='/usr/bin/mkdir -p'
OBJEXT='o'
PACKAGE='miranda'
PACKAGE_BUGREPORT='miranda {at} cbio.mskcc.org'
PACKAGE_NAME='miRanda'
PACKAGE_STRING='miRanda 3.3a'
PACKAGE_TARNAME='miranda'
PACKAGE_URL=''
PACKAGE_VERSION='3.3a'
PATH_SEPARATOR=':'
POW_LIB=''
RANLIB='ranlib'
SET_MAKE=''
SHELL='/bin/bash'
STRIP=''
VERSION='3.3a'
ac_ct_CC='gcc'
am__EXEEXT_FALSE=''
am__EXEEXT_TRUE='#'
am__fastdepCC_FALSE='#'
am__fastdepCC_TRUE=''
am__include='include'
am__isrc=''
am__leading_dot='.'
am__nodep='_no'
am__quote=''
am__tar='$${TAR-tar} chof - "$$tardir"'
am__untar='$${TAR-tar} xf -'
bindir='${exec_prefix}/bin'
build='aarch64-unknown-linux-gnu'
build_alias=''
build_cpu='aarch64'
build_os='linux-gnu'
build_vendor='unknown'
datadir='${datarootdir}'
datarootdir='${prefix}/share'
docdir='${datarootdir}/doc/${PACKAGE_TARNAME}'
dvidir='${docdir}'
exec_prefix='${prefix}'
host='aarch64-unknown-linux-gnu'
host_alias=''
host_cpu='aarch64'
host_os='linux-gnu'
host_vendor='unknown'
htmldir='${docdir}'
includedir='${prefix}/include'
infodir='${datarootdir}/info'
install_sh='${SHELL} /mnt/c/Users/fedev/Desktop/miRanda-3.3a/install-sh'
libdir='${exec_prefix}/lib'
libexecdir='${exec_prefix}/libexec'
localedir='${datarootdir}/locale'
localstatedir='${prefix}/var'
mandir='${datarootdir}/man'
mkdir_p='$(MKDIR_P)'
oldincludedir='/usr/include'
pdfdir='${docdir}'
prefix='/usr/local'
program_transform_name='s,x,x,'
psdir='${docdir}'
runstatedir='${localstatedir}/run'
sbindir='${exec_prefix}/sbin'
sharedstatedir='${prefix}/com'
sysconfdir='${prefix}/etc'
target_alias=''

## ----------- ##
## confdefs.h. ##
## ----------- ##

/* confdefs.h */
#define PACKAGE_NAME "miRanda"
#define PACKAGE_TARNAME "miranda"
#define PACKAGE_VERSION "3.3a"
#define PACKAGE_STRING "miRanda 3.3a"
#define PACKAGE_BUGREPORT "miranda {at} cbio.mskcc.org"
#define PACKAGE_URL ""
#define PACKAGE "miranda"
#define VERSION "3.3a"
#define UNUSED __attribute__ ((unused))
#define HAVE_LIBM 1
#define HAVE_STDIO_H 1
#define HAVE_STDLIB_H 1
#define HAVE_STRING_H 1
#define HAVE_INTTYPES_H 1
#define HAVE_STDINT_H 1
#define HAVE_STRINGS_H 1
#define HAVE_SYS_STAT_H 1
#define HAVE_SYS_TYPES_H 1
#define HAVE_UNISTD_H 1
#define STDC_HEADERS 1
#define HAVE_FLOAT_H 1
#define HAVE_LIMITS_H 1
#define HAVE_STDLIB_H 1
#define HAVE_STRING_H 1
#define HAVE__BOOL 1
#define HAVE_STDBOOL_H 1
#define HAVE_MALLOC 1
#define HAVE_REALLOC 1
#define HAVE_MEMSET 1
#define HAVE_SQRT 1
#define HAVE_STRCHR 1
#define HAVE_STRDUP 1
#define HAVE_STRRCHR 1
#define HAVE_STRSTR 1

configure: exit 0

## ---------------------- ##
## Running config.status. ##
## ---------------------- ##

This file was extended by miRanda config.status 3.3a, which was
generated by GNU Autoconf 2.71.  Invocation command line was

  CONFIG_FILES    = 
  CONFIG_HEADERS  = 
  CONFIG_LINKS    = 
  CONFIG_COMMANDS = 
  $ ./config.status config.h

on IdeaPaDragon

config.status:879: creating config.h
config.status:1060: config.h is unchanged
